<?xml version="1.0" encoding="UTF-8"?>
<testsuite xmlns:xsi="http://www.w3.org/2001/XMLSchema-instance" xsi:noNamespaceSchemaLocation="https://maven.apache.org/surefire/maven-surefire-plugin/xsd/surefire-test-report.xsd" name="digit.web.controllers.V1ApiControllerTest" time="0.004" tests="1" errors="0" skipped="1" failures="0">
  <properties>
[...]
</properties>
  <testcase name="digit.web.controllers.V1ApiControllerTest" classname="digit.web.controllers.V1ApiControllerTest" time="0">
    <skipped/>
    <system-out><![CDATA[18:32:34.618 [main] DEBUG org.springframework.test.context.junit4.SpringJUnit4ClassRunner - SpringJUnit4ClassRunner constructor called with [class digit.web.controllers.V1ApiControllerTest]
18:32:34.620 [main] DEBUG org.springframework.test.context.BootstrapUtils - Instantiating CacheAwareContextLoaderDelegate from class [org.springframework.test.context.cache.DefaultCacheAwareContextLoaderDelegate]
18:32:34.623 [main] DEBUG org.springframework.test.context.BootstrapUtils - Instantiating BootstrapContext using constructor [public org.springframework.test.context.support.DefaultBootstrapContext(java.lang.Class,org.springframework.test.context.CacheAwareContextLoaderDelegate)]
18:32:34.646 [main] DEBUG org.springframework.test.context.BootstrapUtils - Instantiating TestContextBootstrapper for test class [digit.web.controllers.V1ApiControllerTest] from class [org.springframework.boot.test.autoconfigure.web.servlet.WebMvcTestContextBootstrapper]
18:32:34.659 [main] INFO org.springframework.boot.test.autoconfigure.web.servlet.WebMvcTestContextBootstrapper - Neither @ContextConfiguration nor @ContextHierarchy found for test class [digit.web.controllers.V1ApiControllerTest], using SpringBootContextLoader
18:32:34.661 [main] DEBUG org.springframework.test.context.support.AbstractContextLoader - Did not detect default resource location for test class [digit.web.controllers.V1ApiControllerTest]: class path resource [digit/web/controllers/V1ApiControllerTest-context.xml] does not exist
18:32:34.661 [main] DEBUG org.springframework.test.context.support.AbstractContextLoader - Did not detect default resource location for test class [digit.web.controllers.V1ApiControllerTest]: class path resource [digit/web/controllers/V1ApiControllerTestContext.groovy] does not exist
18:32:34.661 [main] INFO org.springframework.test.context.support.AbstractContextLoader - Could not detect default resource locations for test class [digit.web.controllers.V1ApiControllerTest]: no resource found for suffixes {-context.xml, Context.groovy}.
18:32:34.662 [main] INFO org.springframework.test.context.support.AnnotationConfigContextLoaderUtils - Could not detect default configuration classes for test class [digit.web.controllers.V1ApiControllerTest]: V1ApiControllerTest does not declare any static, non-private, non-final, nested classes annotated with @Configuration.
18:32:34.701 [main] DEBUG org.springframework.test.context.support.ActiveProfilesUtils - Could not find an 'annotation declaring class' for annotation type [org.springframework.test.context.ActiveProfiles] and class [digit.web.controllers.V1ApiControllerTest]
18:32:34.741 [main] DEBUG org.springframework.context.annotation.ClassPathScanningCandidateComponentProvider - Identified candidate component class: file [/home/sspl/UMESH KUMAR/UPYOG MODULE/Birth-Registration/birth-registration/target/classes/digit/Main.class]
18:32:34.742 [main] INFO org.springframework.boot.test.context.SpringBootTestContextBootstrapper - Found @SpringBootConfiguration digit.Main for test class digit.web.controllers.V1ApiControllerTest
18:32:34.743 [main] DEBUG org.springframework.boot.test.autoconfigure.web.servlet.WebMvcTestContextBootstrapper - @TestExecutionListeners is not present for class [digit.web.controllers.V1ApiControllerTest]: using defaults.
18:32:34.743 [main] INFO org.springframework.boot.test.autoconfigure.web.servlet.WebMvcTestContextBootstrapper - Loaded default TestExecutionListener class names from location [META-INF/spring.factories]: [org.springframework.boot.test.mock.mockito.MockitoTestExecutionListener, org.springframework.boot.test.mock.mockito.ResetMocksTestExecutionListener, org.springframework.boot.test.autoconfigure.restdocs.RestDocsTestExecutionListener, org.springframework.boot.test.autoconfigure.web.client.MockRestServiceServerResetTestExecutionListener, org.springframework.boot.test.autoconfigure.web.servlet.MockMvcPrintOnlyOnFailureTestExecutionListener, org.springframework.boot.test.autoconfigure.web.servlet.WebDriverTestExecutionListener, org.springframework.test.context.web.ServletTestExecutionListener, org.springframework.test.context.support.DirtiesContextBeforeModesTestExecutionListener, org.springframework.test.context.support.DependencyInjectionTestExecutionListener, org.springframework.test.context.support.DirtiesContextTestExecutionListener, org.springframework.test.context.transaction.TransactionalTestExecutionListener, org.springframework.test.context.jdbc.SqlScriptsTestExecutionListener, org.springframework.test.context.event.EventPublishingTestExecutionListener]
18:32:34.751 [main] INFO org.springframework.boot.test.autoconfigure.web.servlet.WebMvcTestContextBootstrapper - Using TestExecutionListeners: [org.springframework.test.context.web.ServletTestExecutionListener@7eac9008, org.springframework.test.context.support.DirtiesContextBeforeModesTestExecutionListener@4116aac9, org.springframework.boot.test.mock.mockito.MockitoTestExecutionListener@62ddbd7e, org.springframework.boot.test.autoconfigure.SpringBootDependencyInjectionTestExecutionListener@74e52ef6, org.springframework.test.context.support.DirtiesContextTestExecutionListener@6ed3ccb2, org.springframework.test.context.transaction.TransactionalTestExecutionListener@1a677343, org.springframework.test.context.jdbc.SqlScriptsTestExecutionListener@15de0b3c, org.springframework.test.context.event.EventPublishingTestExecutionListener@489115ef, org.springframework.boot.test.mock.mockito.ResetMocksTestExecutionListener@3857f613, org.springframework.boot.test.autoconfigure.restdocs.RestDocsTestExecutionListener@198b6731, org.springframework.boot.test.autoconfigure.web.client.MockRestServiceServerResetTestExecutionListener@7c6908d7, org.springframework.boot.test.autoconfigure.web.servlet.MockMvcPrintOnlyOnFailureTestExecutionListener@3c9754d8, org.springframework.boot.test.autoconfigure.web.servlet.WebDriverTestExecutionListener@3bf7ca37]
18:32:34.754 [main] DEBUG org.springframework.test.annotation.ProfileValueUtils - Retrieved @ProfileValueSourceConfiguration [null] for test class [digit.web.controllers.V1ApiControllerTest]
18:32:34.755 [main] DEBUG org.springframework.test.annotation.ProfileValueUtils - Retrieved ProfileValueSource type [class org.springframework.test.annotation.SystemProfileValueSource] for class [digit.web.controllers.V1ApiControllerTest]
18:32:34.777 [main] DEBUG org.springframework.test.context.junit4.SpringJUnit4ClassRunner - SpringJUnit4ClassRunner constructor called with [class digit.web.controllers.V1ApiControllerTest]
18:32:34.777 [main] DEBUG org.springframework.test.context.BootstrapUtils - Instantiating CacheAwareContextLoaderDelegate from class [org.springframework.test.context.cache.DefaultCacheAwareContextLoaderDelegate]
18:32:34.777 [main] DEBUG org.springframework.test.context.BootstrapUtils - Instantiating BootstrapContext using constructor [public org.springframework.test.context.support.DefaultBootstrapContext(java.lang.Class,org.springframework.test.context.CacheAwareContextLoaderDelegate)]
18:32:34.777 [main] DEBUG org.springframework.test.context.BootstrapUtils - Instantiating TestContextBootstrapper for test class [digit.web.controllers.V1ApiControllerTest] from class [org.springframework.boot.test.autoconfigure.web.servlet.WebMvcTestContextBootstrapper]
18:32:34.778 [main] INFO org.springframework.boot.test.autoconfigure.web.servlet.WebMvcTestContextBootstrapper - Neither @ContextConfiguration nor @ContextHierarchy found for test class [digit.web.controllers.V1ApiControllerTest], using SpringBootContextLoader
18:32:34.779 [main] DEBUG org.springframework.test.context.support.AbstractContextLoader - Did not detect default resource location for test class [digit.web.controllers.V1ApiControllerTest]: class path resource [digit/web/controllers/V1ApiControllerTest-context.xml] does not exist
18:32:34.779 [main] DEBUG org.springframework.test.context.support.AbstractContextLoader - Did not detect default resource location for test class [digit.web.controllers.V1ApiControllerTest]: class path resource [digit/web/controllers/V1ApiControllerTestContext.groovy] does not exist
18:32:34.779 [main] INFO org.springframework.test.context.support.AbstractContextLoader - Could not detect default resource locations for test class [digit.web.controllers.V1ApiControllerTest]: no resource found for suffixes {-context.xml, Context.groovy}.
18:32:34.779 [main] INFO org.springframework.test.context.support.AnnotationConfigContextLoaderUtils - Could not detect default configuration classes for test class [digit.web.controllers.V1ApiControllerTest]: V1ApiControllerTest does not declare any static, non-private, non-final, nested classes annotated with @Configuration.
18:32:34.783 [main] DEBUG org.springframework.test.context.support.ActiveProfilesUtils - Could not find an 'annotation declaring class' for annotation type [org.springframework.test.context.ActiveProfiles] and class [digit.web.controllers.V1ApiControllerTest]
18:32:34.784 [main] INFO org.springframework.boot.test.context.SpringBootTestContextBootstrapper - Found @SpringBootConfiguration digit.Main for test class digit.web.controllers.V1ApiControllerTest
18:32:34.784 [main] DEBUG org.springframework.boot.test.autoconfigure.web.servlet.WebMvcTestContextBootstrapper - @TestExecutionListeners is not present for class [digit.web.controllers.V1ApiControllerTest]: using defaults.
18:32:34.784 [main] INFO org.springframework.boot.test.autoconfigure.web.servlet.WebMvcTestContextBootstrapper - Loaded default TestExecutionListener class names from location [META-INF/spring.factories]: [org.springframework.boot.test.mock.mockito.MockitoTestExecutionListener, org.springframework.boot.test.mock.mockito.ResetMocksTestExecutionListener, org.springframework.boot.test.autoconfigure.restdocs.RestDocsTestExecutionListener, org.springframework.boot.test.autoconfigure.web.client.MockRestServiceServerResetTestExecutionListener, org.springframework.boot.test.autoconfigure.web.servlet.MockMvcPrintOnlyOnFailureTestExecutionListener, org.springframework.boot.test.autoconfigure.web.servlet.WebDriverTestExecutionListener, org.springframework.test.context.web.ServletTestExecutionListener, org.springframework.test.context.support.DirtiesContextBeforeModesTestExecutionListener, org.springframework.test.context.support.DependencyInjectionTestExecutionListener, org.springframework.test.context.support.DirtiesContextTestExecutionListener, org.springframework.test.context.transaction.TransactionalTestExecutionListener, org.springframework.test.context.jdbc.SqlScriptsTestExecutionListener, org.springframework.test.context.event.EventPublishingTestExecutionListener]
18:32:34.785 [main] INFO org.springframework.boot.test.autoconfigure.web.servlet.WebMvcTestContextBootstrapper - Using TestExecutionListeners: [org.springframework.test.context.web.ServletTestExecutionListener@6e509ffa, org.springframework.test.context.support.DirtiesContextBeforeModesTestExecutionListener@2898ac89, org.springframework.boot.test.mock.mockito.MockitoTestExecutionListener@683dbc2c, org.springframework.boot.test.autoconfigure.SpringBootDependencyInjectionTestExecutionListener@68267da0, org.springframework.test.context.support.DirtiesContextTestExecutionListener@2638011, org.springframework.test.context.transaction.TransactionalTestExecutionListener@6ff29830, org.springframework.test.context.jdbc.SqlScriptsTestExecutionListener@6a2b953e, org.springframework.test.context.event.EventPublishingTestExecutionListener@313b2ea6, org.springframework.boot.test.mock.mockito.ResetMocksTestExecutionListener@2f465398, org.springframework.boot.test.autoconfigure.restdocs.RestDocsTestExecutionListener@548e6d58, org.springframework.boot.test.autoconfigure.web.client.MockRestServiceServerResetTestExecutionListener@623a8092, org.springframework.boot.test.autoconfigure.web.servlet.MockMvcPrintOnlyOnFailureTestExecutionListener@a1cdc6d, org.springframework.boot.test.autoconfigure.web.servlet.WebDriverTestExecutionListener@175b9425]
18:32:34.785 [main] DEBUG org.springframework.test.annotation.ProfileValueUtils - Retrieved @ProfileValueSourceConfiguration [null] for test class [digit.web.controllers.V1ApiControllerTest]
18:32:34.785 [main] DEBUG org.springframework.test.annotation.ProfileValueUtils - Retrieved ProfileValueSource type [class org.springframework.test.annotation.SystemProfileValueSource] for class [digit.web.controllers.V1ApiControllerTest]
18:32:34.826 [main] DEBUG org.springframework.test.annotation.ProfileValueUtils - Retrieved @ProfileValueSourceConfiguration [null] for test class [digit.web.controllers.V1ApiControllerTest]
18:32:34.826 [main] DEBUG org.springframework.test.annotation.ProfileValueUtils - Retrieved ProfileValueSource type [class org.springframework.test.annotation.SystemProfileValueSource] for class [digit.web.controllers.V1ApiControllerTest]
18:32:34.827 [main] DEBUG org.springframework.test.annotation.ProfileValueUtils - Retrieved @ProfileValueSourceConfiguration [null] for test class [digit.web.controllers.V1ApiControllerTest]
18:32:34.827 [main] DEBUG org.springframework.test.annotation.ProfileValueUtils - Retrieved ProfileValueSource type [class org.springframework.test.annotation.SystemProfileValueSource] for class [digit.web.controllers.V1ApiControllerTest]
]]></system-out>
  </testcase>
</testsuite>